<?xml version="1.0" encoding="UTF-8"?>
<TestRun id="cc6dc824-8057-477d-8975-f8377aa034a0" name="rzhong@ITSM1030674 2011-11-20 02:00:34" runUser="ACADEMIC\rzhong" xmlns="http://microsoft.com/schemas/VisualStudio/TeamTest/2006">
  <TestRunConfiguration name="Local Test Run" id="c42c55b2-03a0-4cde-a9da-4bdc707620e0">
    <Description>This is a default test run configuration for a local test run.</Description>
    <Deployment runDeploymentRoot="C:\Users\rzhong\Desktop\NETRuikeZhong\TestResults\rzhong_ITSM1030674 2011-11-20 02_00_34">
      <DeploymentItem filename="C:\Users\rzhong\Desktop\NETRuikeZhong\NETRuikeZhong\bin\Debug\NETRuikeZhong.exe" />
      <DeploymentItem filename="C:\Users\rzhong\Desktop\NETRuikeZhong\DataTier\bin\Debug\DataTier.dll" />
      <DeploymentItem filename="C:\Users\rzhong\Desktop\NETRuikeZhong\BusinessTier\bin\Debug\BusinessTier.dll" />
    </Deployment>
    <TestTypeSpecific />
  </TestRunConfiguration>
  <ResultSummary outcome="Completed">
    <Counters total="1" executed="1" passed="1" error="0" failed="0" timeout="0" aborted="0" inconclusive="0" passedButRunAborted="0" notRunnable="0" notExecuted="0" disconnected="0" warning="0" completed="0" inProgress="0" pending="0" />
  </ResultSummary>
  <Times creation="2011-11-20T02:00:34.3185773-06:00" queuing="2011-11-20T02:00:34.7145999-06:00" start="2011-11-20T02:00:34.7416015-06:00" finish="2011-11-20T02:00:35.3036336-06:00" />
  <TestDefinitions>
    <UnitTest name="updateCommissionTest" storage="c:\users\rzhong\desktop\netruikezhong\ruikezhong\bin\debug\ruikezhong.dll" id="961983b1-9ee3-6fbb-3ad2-ba49acea8809">
      <Css projectStructure="" iteration="" />
      <Owners>
        <Owner name="" />
      </Owners>
      <Execution id="81b9afbf-de28-4745-a0f1-89674b8d7c8b" />
      <TestMethod codeBase="C:\Users\rzhong\Desktop\NETRuikeZhong\RuiKeZhong\bin\Debug\RuiKeZhong.dll" adapterTypeName="Microsoft.VisualStudio.TestTools.TestTypes.Unit.UnitTestAdapter, Microsoft.VisualStudio.QualityTools.Tips.UnitTest.Adapter, Version=9.0.0.0, Culture=neutral, PublicKeyToken=b03f5f7f11d50a3a" className="RuiKeZhong.clsDataTest, RuiKeZhong" name="updateCommissionTest" />
    </UnitTest>
  </TestDefinitions>
  <TestLists>
    <TestList name="Results Not in a List" id="8c84fa94-04c1-424b-9868-57a2d4851a1d" />
    <TestList name="All Loaded Results" id="19431567-8539-422a-85d7-44ee4e166bda" />
  </TestLists>
  <TestEntries>
    <TestEntry testId="961983b1-9ee3-6fbb-3ad2-ba49acea8809" executionId="81b9afbf-de28-4745-a0f1-89674b8d7c8b" testListId="8c84fa94-04c1-424b-9868-57a2d4851a1d" />
  </TestEntries>
  <Results>
    <UnitTestResult executionId="81b9afbf-de28-4745-a0f1-89674b8d7c8b" testId="961983b1-9ee3-6fbb-3ad2-ba49acea8809" testName="updateCommissionTest" computerName="ITSM1030674" duration="00:00:00.2359738" startTime="2011-11-20T02:00:34.7426015-06:00" endTime="2011-11-20T02:00:35.2796322-06:00" testType="13cdc9d9-ddb5-4fa4-a97d-d965ccfc6d4b" outcome="Passed" testListId="8c84fa94-04c1-424b-9868-57a2d4851a1d">
      <Output>
      </Output>
    </UnitTestResult>
  </Results>
</TestRun>