<?xml version="1.0" encoding="UTF-8"?>
<TestRun id="9c3363ce-8ae9-4ae5-afce-1e3cbb267ea3" name="rzhong@ITSM1030674 2011-11-20 01:16:51" runUser="ACADEMIC\rzhong" xmlns="http://microsoft.com/schemas/VisualStudio/TeamTest/2006">
  <TestRunConfiguration name="Local Test Run" id="c42c55b2-03a0-4cde-a9da-4bdc707620e0">
    <Description>This is a default test run configuration for a local test run.</Description>
    <Deployment runDeploymentRoot="C:\Users\rzhong\Desktop\NETRuikeZhong\TestResults\rzhong_ITSM1030674 2011-11-20 01_16_51">
      <DeploymentItem filename="C:\Users\rzhong\Desktop\NETRuikeZhong\NETRuikeZhong\bin\Debug\NETRuikeZhong.exe" />
      <DeploymentItem filename="C:\Users\rzhong\Desktop\NETRuikeZhong\DataTier\bin\Debug\DataTier.dll" />
      <DeploymentItem filename="C:\Users\rzhong\Desktop\NETRuikeZhong\BusinessTier\bin\Debug\BusinessTier.dll" />
    </Deployment>
    <TestTypeSpecific />
  </TestRunConfiguration>
  <ResultSummary outcome="Failed">
    <Counters total="1" executed="1" error="0" failed="1" timeout="0" aborted="0" inconclusive="0" passedButRunAborted="0" notRunnable="0" notExecuted="0" disconnected="0" warning="0" passed="0" completed="0" inProgress="0" pending="0" />
  </ResultSummary>
  <Times creation="2011-11-20T01:16:51.5465633-06:00" queuing="2011-11-20T01:16:51.9065839-06:00" start="2011-11-20T01:16:51.9355855-06:00" finish="2011-11-20T01:16:52.3686103-06:00" />
  <TestDefinitions>
    <UnitTest name="getOneCarTest" storage="c:\users\rzhong\desktop\netruikezhong\ruikezhong\bin\debug\ruikezhong.dll" id="7b5035e3-6d69-7df6-0a8d-91d3f6a850fb">
      <Css projectStructure="" iteration="" />
      <Owners>
        <Owner name="" />
      </Owners>
      <Execution id="419c5fdb-d2a8-4c35-9b4f-1508e9cc3092" />
      <TestMethod codeBase="C:\Users\rzhong\Desktop\NETRuikeZhong\RuiKeZhong\bin\Debug\RuiKeZhong.dll" adapterTypeName="Microsoft.VisualStudio.TestTools.TestTypes.Unit.UnitTestAdapter, Microsoft.VisualStudio.QualityTools.Tips.UnitTest.Adapter, Version=9.0.0.0, Culture=neutral, PublicKeyToken=b03f5f7f11d50a3a" className="RuiKeZhong.clsDataTest, RuiKeZhong" name="getOneCarTest" />
    </UnitTest>
  </TestDefinitions>
  <TestLists>
    <TestList name="Results Not in a List" id="8c84fa94-04c1-424b-9868-57a2d4851a1d" />
    <TestList name="All Loaded Results" id="19431567-8539-422a-85d7-44ee4e166bda" />
  </TestLists>
  <TestEntries>
    <TestEntry testId="7b5035e3-6d69-7df6-0a8d-91d3f6a850fb" executionId="419c5fdb-d2a8-4c35-9b4f-1508e9cc3092" testListId="8c84fa94-04c1-424b-9868-57a2d4851a1d" />
  </TestEntries>
  <Results>
    <UnitTestResult executionId="419c5fdb-d2a8-4c35-9b4f-1508e9cc3092" testId="7b5035e3-6d69-7df6-0a8d-91d3f6a850fb" testName="getOneCarTest" computerName="ITSM1030674" duration="00:00:00.1045711" startTime="2011-11-20T01:16:51.9365856-06:00" endTime="2011-11-20T01:16:52.3486092-06:00" testType="13cdc9d9-ddb5-4fa4-a97d-d965ccfc6d4b" outcome="Failed" testListId="8c84fa94-04c1-424b-9868-57a2d4851a1d">
      <Output>
        <ErrorInfo>
          <Message>Test method RuiKeZhong.clsDataTest.getOneCarTest threw exception:  System.Data.OleDb.OleDbException: Data type mismatch in criteria expression..</Message>
          <StackTrace>    at System.Data.OleDb.OleDbCommand.ExecuteCommandTextErrorHandling(OleDbHResult hr)
   at System.Data.OleDb.OleDbCommand.ExecuteCommandTextForSingleResult(tagDBPARAMS dbParams, Object&amp; executeResult)
   at System.Data.OleDb.OleDbCommand.ExecuteCommandText(Object&amp; executeResult)
   at System.Data.OleDb.OleDbCommand.ExecuteCommand(CommandBehavior behavior, Object&amp; executeResult)
   at System.Data.OleDb.OleDbCommand.ExecuteReaderInternal(CommandBehavior behavior, String method)
   at System.Data.OleDb.OleDbCommand.ExecuteReader(CommandBehavior behavior)
   at System.Data.OleDb.OleDbCommand.System.Data.IDbCommand.ExecuteReader(CommandBehavior behavior)
   at System.Data.Common.DbDataAdapter.FillInternal(DataSet dataset, DataTable[] datatables, Int32 startRecord, Int32 maxRecords, String srcTable, IDbCommand command, CommandBehavior behavior)
   at System.Data.Common.DbDataAdapter.Fill(DataSet dataSet, Int32 startRecord, Int32 maxRecords, String srcTable, IDbCommand command, CommandBehavior behavior)
   at System.Data.Common.DbDataAdapter.Fill(DataSet dataSet, String srcTable)
   at DataTier.clsData.getOneCar(String strStockNo) in C:\Users\rzhong\Desktop\NETRuikeZhong\DataTier\clsData.vb:line 154
   at DataTier.clsData_Accessor.getOneCar(String strStockNo)
   at RuiKeZhong.clsDataTest.getOneCarTest() in C:\Users\rzhong\Desktop\NETRuikeZhong\RuiKeZhong\clsDataTest.vb:line 166
</StackTrace>
        </ErrorInfo>
      </Output>
    </UnitTestResult>
  </Results>
</TestRun>