<?xml version="1.0" encoding="UTF-8"?>
<TestRun id="df5d7c8b-2553-4760-823b-d9e21c54d211" name="rzhong@ITSM1030674 2011-11-08 02:05:40" runUser="ACADEMIC\rzhong" xmlns="http://microsoft.com/schemas/VisualStudio/TeamTest/2006">
  <TestRunConfiguration name="Local Test Run" id="c42c55b2-03a0-4cde-a9da-4bdc707620e0">
    <Description>This is a default test run configuration for a local test run.</Description>
    <Deployment runDeploymentRoot="C:\Users\rzhong\Desktop\NETRuikeZhong\TestResults\rzhong_ITSM1030674 2011-11-08 02_05_40">
      <DeploymentItem filename="C:\Users\rzhong\Desktop\NETRuikeZhong\BusinessTier\bin\Release\BusinessTier.dll" />
      <DeploymentItem filename="C:\Users\rzhong\Desktop\NETRuikeZhong\NETRuikeZhong\bin\Release\NETRuikeZhong.exe" />
    </Deployment>
    <TestTypeSpecific />
  </TestRunConfiguration>
  <ResultSummary outcome="Completed">
    <Counters total="1" executed="1" passed="1" error="0" failed="0" timeout="0" aborted="0" inconclusive="0" passedButRunAborted="0" notRunnable="0" notExecuted="0" disconnected="0" warning="0" completed="0" inProgress="0" pending="0" />
  </ResultSummary>
  <Times creation="2011-11-08T02:05:40.8325489-06:00" queuing="2011-11-08T02:05:41.3555788-06:00" start="2011-11-08T02:05:41.3815803-06:00" finish="2011-11-08T02:05:41.8036044-06:00" />
  <TestDefinitions>
    <UnitTest name="resetFragTest1" storage="c:\users\rzhong\desktop\netruikezhong\ruikezhong\bin\release\ruikezhong.dll" id="dee52ec6-7bb3-3477-6d48-afbbad26fab1">
      <Css projectStructure="" iteration="" />
      <Owners>
        <Owner name="" />
      </Owners>
      <DeploymentItems>
        <DeploymentItem filename="NETRuikeZhong.exe" />
      </DeploymentItems>
      <Execution id="0fe53ef2-6864-48a7-a44b-e3d65dc316d0" />
      <TestMethod codeBase="C:\Users\rzhong\Desktop\NETRuikeZhong\RuiKeZhong\bin\Release\RuiKeZhong.dll" adapterTypeName="Microsoft.VisualStudio.TestTools.TestTypes.Unit.UnitTestAdapter, Microsoft.VisualStudio.QualityTools.Tips.UnitTest.Adapter, Version=9.0.0.0, Culture=neutral, PublicKeyToken=b03f5f7f11d50a3a" className="RuiKeZhong.frmCarWashTest, RuiKeZhong" name="resetFragTest1" />
    </UnitTest>
  </TestDefinitions>
  <TestLists>
    <TestList name="Results Not in a List" id="8c84fa94-04c1-424b-9868-57a2d4851a1d" />
    <TestList name="All Loaded Results" id="19431567-8539-422a-85d7-44ee4e166bda" />
  </TestLists>
  <TestEntries>
    <TestEntry testId="dee52ec6-7bb3-3477-6d48-afbbad26fab1" executionId="0fe53ef2-6864-48a7-a44b-e3d65dc316d0" testListId="8c84fa94-04c1-424b-9868-57a2d4851a1d" />
  </TestEntries>
  <Results>
    <UnitTestResult executionId="0fe53ef2-6864-48a7-a44b-e3d65dc316d0" testId="dee52ec6-7bb3-3477-6d48-afbbad26fab1" testName="resetFragTest1" computerName="ITSM1030674" duration="00:00:00.0877101" startTime="2011-11-08T02:05:41.3865806-06:00" endTime="2011-11-08T02:05:41.7936039-06:00" testType="13cdc9d9-ddb5-4fa4-a97d-d965ccfc6d4b" outcome="Passed" testListId="8c84fa94-04c1-424b-9868-57a2d4851a1d">
      <Output>
      </Output>
    </UnitTestResult>
  </Results>
</TestRun>