<?xml version="1.0" encoding="UTF-8"?>
<TestRun id="b7abf2fe-9519-47dc-ab2e-9df53b20c490" name="rzhong@ITSM1030674 2011-11-07 15:00:48" runUser="ACADEMIC\rzhong" xmlns="http://microsoft.com/schemas/VisualStudio/TeamTest/2006">
  <TestRunConfiguration name="Local Test Run" id="c42c55b2-03a0-4cde-a9da-4bdc707620e0">
    <Description>This is a default test run configuration for a local test run.</Description>
    <Deployment runDeploymentRoot="C:\Users\rzhong\Desktop\NETRuikeZhong\TestResults\rzhong_ITSM1030674 2011-11-07 15_00_48">
      <DeploymentItem filename="C:\Users\rzhong\Desktop\NETRuikeZhong\BusinessTier\bin\Release\BusinessTier.dll" />
      <DeploymentItem filename="C:\Users\rzhong\Desktop\NETRuikeZhong\NETRuikeZhong\bin\Release\NETRuikeZhong.exe" />
    </Deployment>
    <TestTypeSpecific />
  </TestRunConfiguration>
  <ResultSummary outcome="Failed">
    <Counters total="1" executed="1" error="0" failed="1" timeout="0" aborted="0" inconclusive="0" passedButRunAborted="0" notRunnable="0" notExecuted="0" disconnected="0" warning="0" passed="0" completed="0" inProgress="0" pending="0" />
  </ResultSummary>
  <Times creation="2011-11-07T15:00:48.2040705-06:00" queuing="2011-11-07T15:00:48.7711029-06:00" start="2011-11-07T15:00:48.7951043-06:00" finish="2011-11-07T15:00:49.2331293-06:00" />
  <TestDefinitions>
    <UnitTest name="readFilesTest5" storage="c:\users\rzhong\desktop\netruikezhong\ruikezhong\bin\release\ruikezhong.dll" id="de299746-f64b-2662-ab94-be40c31e0c4b">
      <Css projectStructure="" iteration="" />
      <Owners>
        <Owner name="" />
      </Owners>
      <DeploymentItems>
        <DeploymentItem filename="NETRuikeZhong.exe" />
      </DeploymentItems>
      <Execution id="c6270ba6-9999-4397-8293-eb94cf480535" />
      <TestMethod codeBase="C:\Users\rzhong\Desktop\NETRuikeZhong\RuiKeZhong\bin\Release\RuiKeZhong.dll" adapterTypeName="Microsoft.VisualStudio.TestTools.TestTypes.Unit.UnitTestAdapter, Microsoft.VisualStudio.QualityTools.Tips.UnitTest.Adapter, Version=9.0.0.0, Culture=neutral, PublicKeyToken=b03f5f7f11d50a3a" className="RuiKeZhong.frmCarWashTest, RuiKeZhong" name="readFilesTest5" />
    </UnitTest>
  </TestDefinitions>
  <TestLists>
    <TestList name="Results Not in a List" id="8c84fa94-04c1-424b-9868-57a2d4851a1d" />
    <TestList name="All Loaded Results" id="19431567-8539-422a-85d7-44ee4e166bda" />
  </TestLists>
  <TestEntries>
    <TestEntry testId="de299746-f64b-2662-ab94-be40c31e0c4b" executionId="c6270ba6-9999-4397-8293-eb94cf480535" testListId="8c84fa94-04c1-424b-9868-57a2d4851a1d" />
  </TestEntries>
  <Results>
    <UnitTestResult executionId="c6270ba6-9999-4397-8293-eb94cf480535" testId="de299746-f64b-2662-ab94-be40c31e0c4b" testName="readFilesTest5" computerName="ITSM1030674" duration="00:00:00.1063552" startTime="2011-11-07T15:00:48.7961043-06:00" endTime="2011-11-07T15:00:49.2161284-06:00" testType="13cdc9d9-ddb5-4fa4-a97d-d965ccfc6d4b" outcome="Failed" testListId="8c84fa94-04c1-424b-9868-57a2d4851a1d">
      <Output>
        <ErrorInfo>
          <Message>Assert.AreEqual failed. Expected:&lt;0 (System.Int32)&gt;. Actual:&lt;0 (System.String)&gt;. readFiles -</Message>
          <StackTrace>   at RuiKeZhong.frmCarWashTest.readFilesTest5() in C:\Users\rzhong\Desktop\NETRuikeZhong\RuiKeZhong\frmCarWashTest.vb:line 150
</StackTrace>
        </ErrorInfo>
      </Output>
    </UnitTestResult>
  </Results>
</TestRun>