<?xml version="1.0" encoding="UTF-8"?>
<TestRun id="c73dbb7c-f207-4d3b-ac49-7936eab8547f" name="rzhong@ITSM1030674 2011-11-21 14:23:27" runUser="ACADEMIC\rzhong" xmlns="http://microsoft.com/schemas/VisualStudio/TeamTest/2006">
  <TestRunConfiguration name="Local Test Run" id="c42c55b2-03a0-4cde-a9da-4bdc707620e0">
    <Description>This is a default test run configuration for a local test run.</Description>
    <Deployment runDeploymentRoot="C:\Users\rzhong\Desktop\NETRuikeZhong\TestResults\rzhong_ITSM1030674 2011-11-21 14_23_27">
      <DeploymentItem filename="C:\Users\rzhong\Desktop\NETRuikeZhong\NETRuikeZhong\bin\Debug\NETRuikeZhong.exe" />
      <DeploymentItem filename="C:\Users\rzhong\Desktop\NETRuikeZhong\DataTier\bin\Debug\DataTier.dll" />
      <DeploymentItem filename="C:\Users\rzhong\Desktop\NETRuikeZhong\BusinessTier\bin\Debug\BusinessTier.dll" />
    </Deployment>
    <TestTypeSpecific />
  </TestRunConfiguration>
  <ResultSummary outcome="Failed">
    <Counters total="1" executed="1" error="0" failed="1" timeout="0" aborted="0" inconclusive="0" passedButRunAborted="0" notRunnable="0" notExecuted="0" disconnected="0" warning="0" passed="0" completed="0" inProgress="0" pending="0" />
  </ResultSummary>
  <Times creation="2011-11-21T14:23:27.6071312-06:00" queuing="2011-11-21T14:23:27.9731678-06:00" start="2011-11-21T14:23:28.0021707-06:00" finish="2011-11-21T14:23:28.4662171-06:00" />
  <TestDefinitions>
    <UnitTest name="updateOneCarTest" storage="c:\users\rzhong\desktop\netruikezhong\ruikezhong\bin\debug\ruikezhong.dll" id="f312c311-fd42-ece7-e845-ace20316a2ca">
      <Css projectStructure="" iteration="" />
      <Owners>
        <Owner name="" />
      </Owners>
      <Execution id="10f0db45-5830-4c33-9eb8-3a1b148c4fa2" />
      <TestMethod codeBase="C:\Users\rzhong\Desktop\NETRuikeZhong\RuiKeZhong\bin\Debug\RuiKeZhong.dll" adapterTypeName="Microsoft.VisualStudio.TestTools.TestTypes.Unit.UnitTestAdapter, Microsoft.VisualStudio.QualityTools.Tips.UnitTest.Adapter, Version=9.0.0.0, Culture=neutral, PublicKeyToken=b03f5f7f11d50a3a" className="RuiKeZhong.clsDataTest, RuiKeZhong" name="updateOneCarTest" />
    </UnitTest>
  </TestDefinitions>
  <TestLists>
    <TestList name="Results Not in a List" id="8c84fa94-04c1-424b-9868-57a2d4851a1d" />
    <TestList name="All Loaded Results" id="19431567-8539-422a-85d7-44ee4e166bda" />
  </TestLists>
  <TestEntries>
    <TestEntry testId="f312c311-fd42-ece7-e845-ace20316a2ca" executionId="10f0db45-5830-4c33-9eb8-3a1b148c4fa2" testListId="8c84fa94-04c1-424b-9868-57a2d4851a1d" />
  </TestEntries>
  <Results>
    <UnitTestResult executionId="10f0db45-5830-4c33-9eb8-3a1b148c4fa2" testId="f312c311-fd42-ece7-e845-ace20316a2ca" testName="updateOneCarTest" computerName="ITSM1030674" duration="00:00:00.1255328" startTime="2011-11-21T14:23:28.0041709-06:00" endTime="2011-11-21T14:23:28.4502155-06:00" testType="13cdc9d9-ddb5-4fa4-a97d-d965ccfc6d4b" outcome="Failed" testListId="8c84fa94-04c1-424b-9868-57a2d4851a1d">
      <Output>
        <ErrorInfo>
          <Message>Test method RuiKeZhong.clsDataTest.updateOneCarTest threw exception:  System.ArgumentException: Input string was not in a correct format.Couldn't store &lt;mycar&gt; in ManufacturedYear Column.  Expected type is Int32. ---&gt;  System.FormatException: Input string was not in a correct format..</Message>
          <StackTrace>    at System.Number.StringToNumber(String str, NumberStyles options, NumberBuffer&amp; number, NumberFormatInfo info, Boolean parseDecimal)
   at System.Number.ParseInt32(String s, NumberStyles style, NumberFormatInfo info)
   at System.String.System.IConvertible.ToInt32(IFormatProvider provider)
   at System.Data.Common.Int32Storage.Set(Int32 record, Object value)
   at System.Data.DataColumn.set_Item(Int32 record, Object value)
 --- End of inner exception stack trace ---
    at System.Data.DataColumn.set_Item(Int32 record, Object value)
   at System.Data.DataRow.set_Item(DataColumn column, Object value)
   at System.Data.DataRow.set_Item(Int32 columnIndex, Object value)
   at RuiKeZhong.clsDataTest.updateOneCarTest() in C:\Users\rzhong\Desktop\NETRuikeZhong\RuiKeZhong\clsDataTest.vb:line 283
</StackTrace>
        </ErrorInfo>
      </Output>
    </UnitTestResult>
  </Results>
</TestRun>