<?xml version="1.0" encoding="UTF-8"?>
<TestRun id="5513d4ae-99c2-4386-afa2-da268d9f6991" name="rzhong@ITSM1030674 2011-11-20 01:57:41" runUser="ACADEMIC\rzhong" xmlns="http://microsoft.com/schemas/VisualStudio/TeamTest/2006">
  <TestRunConfiguration name="Local Test Run" id="c42c55b2-03a0-4cde-a9da-4bdc707620e0">
    <Description>This is a default test run configuration for a local test run.</Description>
    <Deployment runDeploymentRoot="C:\Users\rzhong\Desktop\NETRuikeZhong\TestResults\rzhong_ITSM1030674 2011-11-20 01_57_41">
      <DeploymentItem filename="C:\Users\rzhong\Desktop\NETRuikeZhong\NETRuikeZhong\bin\Debug\NETRuikeZhong.exe" />
      <DeploymentItem filename="C:\Users\rzhong\Desktop\NETRuikeZhong\DataTier\bin\Debug\DataTier.dll" />
      <DeploymentItem filename="C:\Users\rzhong\Desktop\NETRuikeZhong\BusinessTier\bin\Debug\BusinessTier.dll" />
    </Deployment>
    <TestTypeSpecific />
  </TestRunConfiguration>
  <ResultSummary outcome="Failed">
    <Counters total="1" executed="1" error="0" failed="1" timeout="0" aborted="0" inconclusive="0" passedButRunAborted="0" notRunnable="0" notExecuted="0" disconnected="0" warning="0" passed="0" completed="0" inProgress="0" pending="0" />
  </ResultSummary>
  <Times creation="2011-11-20T01:57:41.6276999-06:00" queuing="2011-11-20T01:57:41.9787200-06:00" start="2011-11-20T01:57:42.0097218-06:00" finish="2011-11-20T01:57:42.5537529-06:00" />
  <TestDefinitions>
    <UnitTest name="updateCommissionTest" storage="c:\users\rzhong\desktop\netruikezhong\ruikezhong\bin\debug\ruikezhong.dll" id="961983b1-9ee3-6fbb-3ad2-ba49acea8809">
      <Css projectStructure="" iteration="" />
      <Owners>
        <Owner name="" />
      </Owners>
      <Execution id="3774ef11-d12e-409e-bc5e-e8cdbe31578c" />
      <TestMethod codeBase="C:\Users\rzhong\Desktop\NETRuikeZhong\RuiKeZhong\bin\Debug\RuiKeZhong.dll" adapterTypeName="Microsoft.VisualStudio.TestTools.TestTypes.Unit.UnitTestAdapter, Microsoft.VisualStudio.QualityTools.Tips.UnitTest.Adapter, Version=9.0.0.0, Culture=neutral, PublicKeyToken=b03f5f7f11d50a3a" className="RuiKeZhong.clsDataTest, RuiKeZhong" name="updateCommissionTest" />
    </UnitTest>
  </TestDefinitions>
  <TestLists>
    <TestList name="Results Not in a List" id="8c84fa94-04c1-424b-9868-57a2d4851a1d" />
    <TestList name="All Loaded Results" id="19431567-8539-422a-85d7-44ee4e166bda" />
  </TestLists>
  <TestEntries>
    <TestEntry testId="961983b1-9ee3-6fbb-3ad2-ba49acea8809" executionId="3774ef11-d12e-409e-bc5e-e8cdbe31578c" testListId="8c84fa94-04c1-424b-9868-57a2d4851a1d" />
  </TestEntries>
  <Results>
    <UnitTestResult executionId="3774ef11-d12e-409e-bc5e-e8cdbe31578c" testId="961983b1-9ee3-6fbb-3ad2-ba49acea8809" testName="updateCommissionTest" computerName="ITSM1030674" duration="00:00:00.1505657" startTime="2011-11-20T01:57:42.0167222-06:00" endTime="2011-11-20T01:57:42.4797486-06:00" testType="13cdc9d9-ddb5-4fa4-a97d-d965ccfc6d4b" outcome="Failed" testListId="8c84fa94-04c1-424b-9868-57a2d4851a1d">
      <Output>
        <ErrorInfo>
          <Message>Test method RuiKeZhong.clsDataTest.updateCommissionTest threw exception:  System.ArgumentException: Column 'SalesPerson' does not belong to table Commissions..</Message>
          <StackTrace>    at System.Data.DataRow.GetDataColumn(String columnName)
   at System.Data.DataRow.set_Item(String columnName, Object value)
   at DataTier.clsData.updateCommission(String name, String stockNum, String description, Decimal sale) in C:\Users\rzhong\Desktop\NETRuikeZhong\DataTier\clsData.vb:line 193
   at DataTier.clsData_Accessor.updateCommission(String name, String stockNum, String description, Decimal sale)
   at RuiKeZhong.clsDataTest.updateCommissionTest() in C:\Users\rzhong\Desktop\NETRuikeZhong\RuiKeZhong\clsDataTest.vb:line 221
</StackTrace>
        </ErrorInfo>
      </Output>
    </UnitTestResult>
  </Results>
</TestRun>