<?xml version="1.0" encoding="UTF-8"?>
<TestRun id="d9d23cd4-5b84-4af8-b771-0327b4748795" name="rzhong@ITSM1030674 2011-11-07 14:16:47" runUser="ACADEMIC\rzhong" xmlns="http://microsoft.com/schemas/VisualStudio/TeamTest/2006">
  <TestRunConfiguration name="Local Test Run" id="c42c55b2-03a0-4cde-a9da-4bdc707620e0">
    <Description>This is a default test run configuration for a local test run.</Description>
    <Deployment runDeploymentRoot="C:\Users\rzhong\Desktop\NETRuikeZhong\TestResults\rzhong_ITSM1030674 2011-11-07 14_16_47">
      <DeploymentItem filename="C:\Users\rzhong\Desktop\NETRuikeZhong\BusinessTier\bin\Release\BusinessTier.dll" />
      <DeploymentItem filename="C:\Users\rzhong\Desktop\NETRuikeZhong\NETRuikeZhong\bin\Release\NETRuikeZhong.exe" />
    </Deployment>
    <TestTypeSpecific />
  </TestRunConfiguration>
  <ResultSummary outcome="Completed">
    <Counters total="1" executed="1" passed="1" error="0" failed="0" timeout="0" aborted="0" inconclusive="0" passedButRunAborted="0" notRunnable="0" notExecuted="0" disconnected="0" warning="0" completed="0" inProgress="0" pending="0" />
  </ResultSummary>
  <Times creation="2011-11-07T14:16:47.6030367-06:00" queuing="2011-11-07T14:16:48.1460678-06:00" start="2011-11-07T14:16:48.2150717-06:00" finish="2011-11-07T14:16:48.6380959-06:00" />
  <TestDefinitions>
    <UnitTest name="readFilesTest3" storage="c:\users\rzhong\desktop\netruikezhong\ruikezhong\bin\release\ruikezhong.dll" id="f27ebfa3-63fa-6cbb-ee78-dfb01f080dc1">
      <Css projectStructure="" iteration="" />
      <Owners>
        <Owner name="" />
      </Owners>
      <DeploymentItems>
        <DeploymentItem filename="NETRuikeZhong.exe" />
      </DeploymentItems>
      <Execution id="e8797d60-72a2-4202-ba93-111c194fb310" />
      <TestMethod codeBase="C:\Users\rzhong\Desktop\NETRuikeZhong\RuiKeZhong\bin\Release\RuiKeZhong.dll" adapterTypeName="Microsoft.VisualStudio.TestTools.TestTypes.Unit.UnitTestAdapter, Microsoft.VisualStudio.QualityTools.Tips.UnitTest.Adapter, Version=9.0.0.0, Culture=neutral, PublicKeyToken=b03f5f7f11d50a3a" className="RuiKeZhong.frmCarWashTest, RuiKeZhong" name="readFilesTest3" />
    </UnitTest>
  </TestDefinitions>
  <TestLists>
    <TestList name="Results Not in a List" id="8c84fa94-04c1-424b-9868-57a2d4851a1d" />
    <TestList name="All Loaded Results" id="19431567-8539-422a-85d7-44ee4e166bda" />
  </TestLists>
  <TestEntries>
    <TestEntry testId="f27ebfa3-63fa-6cbb-ee78-dfb01f080dc1" executionId="e8797d60-72a2-4202-ba93-111c194fb310" testListId="8c84fa94-04c1-424b-9868-57a2d4851a1d" />
  </TestEntries>
  <Results>
    <UnitTestResult executionId="e8797d60-72a2-4202-ba93-111c194fb310" testId="f27ebfa3-63fa-6cbb-ee78-dfb01f080dc1" testName="readFilesTest3" computerName="ITSM1030674" duration="00:00:00.0850979" startTime="2011-11-07T14:16:48.2190720-06:00" endTime="2011-11-07T14:16:48.6260952-06:00" testType="13cdc9d9-ddb5-4fa4-a97d-d965ccfc6d4b" outcome="Passed" testListId="8c84fa94-04c1-424b-9868-57a2d4851a1d">
      <Output>
      </Output>
    </UnitTestResult>
  </Results>
</TestRun>