<?xml version="1.0" encoding="UTF-8"?>
<TestRun id="d4808522-9c10-4526-aa14-7bb78324304b" name="rzhong@ITSM1030674 2011-11-19 01:40:09" runUser="ACADEMIC\rzhong" xmlns="http://microsoft.com/schemas/VisualStudio/TeamTest/2006">
  <TestRunConfiguration name="Local Test Run" id="c42c55b2-03a0-4cde-a9da-4bdc707620e0">
    <Description>This is a default test run configuration for a local test run.</Description>
    <Deployment runDeploymentRoot="C:\Users\rzhong\Desktop\NETRuikeZhong\TestResults\rzhong_ITSM1030674 2011-11-19 01_40_09">
      <DeploymentItem filename="C:\Users\rzhong\Desktop\NETRuikeZhong\BusinessTier\bin\Release\BusinessTier.dll" />
      <DeploymentItem filename="C:\Users\rzhong\Desktop\NETRuikeZhong\NETRuikeZhong\bin\Release\NETRuikeZhong.exe" />
    </Deployment>
    <TestTypeSpecific />
  </TestRunConfiguration>
  <ResultSummary outcome="Completed">
    <Counters total="1" executed="1" passed="1" error="0" failed="0" timeout="0" aborted="0" inconclusive="0" passedButRunAborted="0" notRunnable="0" notExecuted="0" disconnected="0" warning="0" completed="0" inProgress="0" pending="0" />
  </ResultSummary>
  <Times creation="2011-11-19T01:40:09.3966578-06:00" queuing="2011-11-19T01:40:09.7926804-06:00" start="2011-11-19T01:40:09.8096814-06:00" finish="2011-11-19T01:40:10.1607015-06:00" />
  <TestDefinitions>
    <UnitTest name="RetailPriceTest" storage="c:\users\rzhong\desktop\netruikezhong\ruikezhong\bin\release\ruikezhong.dll" id="8502cd2c-2b2f-95ad-e5d8-9fa45bd31aca">
      <Css projectStructure="" iteration="" />
      <Owners>
        <Owner name="" />
      </Owners>
      <Execution id="a7972de3-ff6e-47ea-939a-be9f5b368818" />
      <TestMethod codeBase="C:\Users\rzhong\Desktop\NETRuikeZhong\RuiKeZhong\bin\Release\RuiKeZhong.dll" adapterTypeName="Microsoft.VisualStudio.TestTools.TestTypes.Unit.UnitTestAdapter, Microsoft.VisualStudio.QualityTools.Tips.UnitTest.Adapter, Version=9.0.0.0, Culture=neutral, PublicKeyToken=b03f5f7f11d50a3a" className="RuiKeZhong.clsCommissionTest, RuiKeZhong" name="RetailPriceTest" />
    </UnitTest>
  </TestDefinitions>
  <TestLists>
    <TestList name="Results Not in a List" id="8c84fa94-04c1-424b-9868-57a2d4851a1d" />
    <TestList name="All Loaded Results" id="19431567-8539-422a-85d7-44ee4e166bda" />
  </TestLists>
  <TestEntries>
    <TestEntry testId="8502cd2c-2b2f-95ad-e5d8-9fa45bd31aca" executionId="a7972de3-ff6e-47ea-939a-be9f5b368818" testListId="8c84fa94-04c1-424b-9868-57a2d4851a1d" />
  </TestEntries>
  <Results>
    <UnitTestResult executionId="a7972de3-ff6e-47ea-939a-be9f5b368818" testId="8502cd2c-2b2f-95ad-e5d8-9fa45bd31aca" testName="RetailPriceTest" computerName="ITSM1030674" duration="00:00:00.0109327" startTime="2011-11-19T01:40:09.8116815-06:00" endTime="2011-11-19T01:40:10.1547011-06:00" testType="13cdc9d9-ddb5-4fa4-a97d-d965ccfc6d4b" outcome="Passed" testListId="8c84fa94-04c1-424b-9868-57a2d4851a1d">
      <Output>
      </Output>
    </UnitTestResult>
  </Results>
</TestRun>